<?xml version="1.0" encoding="UTF-8"?>
<testsuite xmlns:xsi="http://www.w3.org/2001/XMLSchema-instance" xsi:noNamespaceSchemaLocation="https://maven.apache.org/surefire/maven-surefire-plugin/xsd/surefire-test-report.xsd" name="ru.ibank.ws.security.ServerPasswordCallbackTest" time="2.615" tests="1" errors="0" skipped="0" failures="0">
  <properties>
    <property name="gopherProxySet" value="false"/>
    <property name="awt.toolkit" value="sun.lwawt.macosx.LWCToolkit"/>
    <property name="file.encoding.pkg" value="sun.io"/>
    <property name="java.specification.version" value="1.8"/>
    <property name="sun.cpu.isalist" value=""/>
    <property name="sun.jnu.encoding" value="UTF-8"/>
    <property name="java.class.path" value="/Users/alex/IdeaProjects/IB/ws-security/target/test-classes:/Users/alex/IdeaProjects/IB/ws-security/target/classes:/Users/alex/.m2/repository/org/springframework/spring-beans/3.2.16.RELEASE/spring-beans-3.2.16.RELEASE.jar:/Users/alex/.m2/repository/org/springframework/spring-core/3.2.16.RELEASE/spring-core-3.2.16.RELEASE.jar:/Users/alex/.m2/repository/commons-logging/commons-logging/1.1.3/commons-logging-1.1.3.jar:/Users/alex/.m2/repository/org/springframework/spring-context/3.2.16.RELEASE/spring-context-3.2.16.RELEASE.jar:/Users/alex/.m2/repository/org/springframework/spring-aop/3.2.16.RELEASE/spring-aop-3.2.16.RELEASE.jar:/Users/alex/.m2/repository/aopalliance/aopalliance/1.0/aopalliance-1.0.jar:/Users/alex/.m2/repository/org/springframework/spring-expression/3.2.16.RELEASE/spring-expression-3.2.16.RELEASE.jar:/Users/alex/.m2/repository/org/springframework/osgi/spring-osgi-core/1.2.1/spring-osgi-core-1.2.1.jar:/Users/alex/.m2/repository/org/springframework/osgi/spring-osgi-io/1.2.1/spring-osgi-io-1.2.1.jar:/Users/alex/.m2/repository/org/springframework/org.springframework.aop/2.5.6.SEC01/org.springframework.aop-2.5.6.SEC01.jar:/Users/alex/.m2/repository/org/aopalliance/com.springsource.org.aopalliance/1.0.0/com.springsource.org.aopalliance-1.0.0.jar:/Users/alex/.m2/repository/org/springframework/org.springframework.beans/2.5.6.SEC01/org.springframework.beans-2.5.6.SEC01.jar:/Users/alex/.m2/repository/org/springframework/org.springframework.context/2.5.6.SEC01/org.springframework.context-2.5.6.SEC01.jar:/Users/alex/.m2/repository/org/springframework/org.springframework.core/2.5.6.SEC01/org.springframework.core-2.5.6.SEC01.jar:/Users/alex/.m2/repository/org/springframework/spring-jdbc/3.2.16.RELEASE/spring-jdbc-3.2.16.RELEASE.jar:/Users/alex/.m2/repository/org/springframework/spring-tx/3.2.16.RELEASE/spring-tx-3.2.16.RELEASE.jar:/Users/alex/.m2/repository/org/apache/cxf/cxf-rt-ws-security/3.1.5/cxf-rt-ws-security-3.1.5.jar:/Users/alex/.m2/repository/org/apache/cxf/cxf-core/3.1.5/cxf-core-3.1.5.jar:/Users/alex/.m2/repository/org/codehaus/woodstox/woodstox-core-asl/4.4.1/woodstox-core-asl-4.4.1.jar:/Users/alex/.m2/repository/org/codehaus/woodstox/stax2-api/3.1.4/stax2-api-3.1.4.jar:/Users/alex/.m2/repository/org/apache/ws/xmlschema/xmlschema-core/2.2.1/xmlschema-core-2.2.1.jar:/Users/alex/.m2/repository/org/apache/cxf/cxf-rt-bindings-soap/3.1.5/cxf-rt-bindings-soap-3.1.5.jar:/Users/alex/.m2/repository/org/apache/cxf/cxf-rt-wsdl/3.1.5/cxf-rt-wsdl-3.1.5.jar:/Users/alex/.m2/repository/wsdl4j/wsdl4j/1.6.3/wsdl4j-1.6.3.jar:/Users/alex/.m2/repository/org/ow2/asm/asm/5.0.4/asm-5.0.4.jar:/Users/alex/.m2/repository/org/apache/cxf/cxf-rt-databinding-jaxb/3.1.5/cxf-rt-databinding-jaxb-3.1.5.jar:/Users/alex/.m2/repository/com/sun/xml/bind/jaxb-impl/2.2.11/jaxb-impl-2.2.11.jar:/Users/alex/.m2/repository/com/sun/xml/bind/jaxb-core/2.2.11/jaxb-core-2.2.11.jar:/Users/alex/.m2/repository/org/apache/cxf/cxf-rt-security-saml/3.1.5/cxf-rt-security-saml-3.1.5.jar:/Users/alex/.m2/repository/org/apache/cxf/cxf-rt-security/3.1.5/cxf-rt-security-3.1.5.jar:/Users/alex/.m2/repository/org/apache/wss4j/wss4j-ws-security-common/2.1.4/wss4j-ws-security-common-2.1.4.jar:/Users/alex/.m2/repository/org/apache/santuario/xmlsec/2.0.5/xmlsec-2.0.5.jar:/Users/alex/.m2/repository/commons-codec/commons-codec/1.10/commons-codec-1.10.jar:/Users/alex/.m2/repository/org/opensaml/opensaml-saml-impl/3.1.1/opensaml-saml-impl-3.1.1.jar:/Users/alex/.m2/repository/org/opensaml/opensaml-profile-api/3.1.1/opensaml-profile-api-3.1.1.jar:/Users/alex/.m2/repository/org/opensaml/opensaml-core/3.1.1/opensaml-core-3.1.1.jar:/Users/alex/.m2/repository/org/opensaml/opensaml-saml-api/3.1.1/opensaml-saml-api-3.1.1.jar:/Users/alex/.m2/repository/org/opensaml/opensaml-xmlsec-api/3.1.1/opensaml-xmlsec-api-3.1.1.jar:/Users/alex/.m2/repository/org/opensaml/opensaml-soap-api/3.1.1/opensaml-soap-api-3.1.1.jar:/Users/alex/.m2/repository/org/opensaml/opensaml-security-impl/3.1.1/opensaml-security-impl-3.1.1.jar:/Users/alex/.m2/repository/org/opensaml/opensaml-security-api/3.1.1/opensaml-security-api-3.1.1.jar:/Users/alex/.m2/repository/org/cryptacular/cryptacular/1.0/cryptacular-1.0.jar:/Users/alex/.m2/repository/org/bouncycastle/bcprov-jdk15on/1.51/bcprov-jdk15on-1.51.jar:/Users/alex/.m2/repository/org/opensaml/opensaml-xmlsec-impl/3.1.1/opensaml-xmlsec-impl-3.1.1.jar:/Users/alex/.m2/repository/net/shibboleth/utilities/java-support/7.1.1/java-support-7.1.1.jar:/Users/alex/.m2/repository/com/google/guava/guava/18.0/guava-18.0.jar:/Users/alex/.m2/repository/joda-time/joda-time/2.7/joda-time-2.7.jar:/Users/alex/.m2/repository/org/opensaml/opensaml-xacml-impl/3.1.1/opensaml-xacml-impl-3.1.1.jar:/Users/alex/.m2/repository/org/opensaml/opensaml-xacml-api/3.1.1/opensaml-xacml-api-3.1.1.jar:/Users/alex/.m2/repository/org/opensaml/opensaml-xacml-saml-impl/3.1.1/opensaml-xacml-saml-impl-3.1.1.jar:/Users/alex/.m2/repository/org/opensaml/opensaml-xacml-saml-api/3.1.1/opensaml-xacml-saml-api-3.1.1.jar:/Users/alex/.m2/repository/org/jasypt/jasypt/1.9.2/jasypt-1.9.2.jar:/Users/alex/.m2/repository/org/apache/geronimo/specs/geronimo-javamail_1.4_spec/1.7.1/geronimo-javamail_1.4_spec-1.7.1.jar:/Users/alex/.m2/repository/net/sf/ehcache/ehcache/2.9.0/ehcache-2.9.0.jar:/Users/alex/.m2/repository/org/slf4j/slf4j-api/1.7.7/slf4j-api-1.7.7.jar:/Users/alex/.m2/repository/org/apache/wss4j/wss4j-ws-security-dom/2.1.4/wss4j-ws-security-dom-2.1.4.jar:/Users/alex/.m2/repository/org/apache/wss4j/wss4j-policy/2.1.4/wss4j-policy-2.1.4.jar:/Users/alex/.m2/repository/org/apache/neethi/neethi/3.0.3/neethi-3.0.3.jar:/Users/alex/.m2/repository/org/apache/wss4j/wss4j-ws-security-stax/2.1.4/wss4j-ws-security-stax-2.1.4.jar:/Users/alex/.m2/repository/org/apache/wss4j/wss4j-bindings/2.1.4/wss4j-bindings-2.1.4.jar:/Users/alex/.m2/repository/org/apache/wss4j/wss4j-ws-security-policy-stax/2.1.4/wss4j-ws-security-policy-stax-2.1.4.jar:/Users/alex/.m2/repository/org/mybatis/mybatis/3.4.5/mybatis-3.4.5.jar:/Users/alex/.m2/repository/org/mybatis/mybatis-spring/1.3.2/mybatis-spring-1.3.2.jar:/Users/alex/.m2/repository/org/postgresql/postgresql/42.2.2.jre7/postgresql-42.2.2.jre7.jar:/Users/alex/.m2/repository/junit/junit/4.12/junit-4.12.jar:/Users/alex/.m2/repository/org/hamcrest/hamcrest-core/1.3/hamcrest-core-1.3.jar:"/>
    <property name="java.vm.vendor" value="Oracle Corporation"/>
    <property name="sun.arch.data.model" value="64"/>
    <property name="java.vendor.url" value="http://java.oracle.com/"/>
    <property name="user.timezone" value=""/>
    <property name="java.vm.specification.version" value="1.8"/>
    <property name="os.name" value="Mac OS X"/>
    <property name="user.country" value="RU"/>
    <property name="sun.java.launcher" value="SUN_STANDARD"/>
    <property name="sun.boot.library.path" value="/Library/Java/JavaVirtualMachines/jdk1.8.0_161.jdk/Contents/Home/jre/lib"/>
    <property name="sun.java.command" value="/Users/alex/IdeaProjects/IB/ws-security/target/surefire/surefirebooter315054711055201567.jar /Users/alex/IdeaProjects/IB/ws-security/target/surefire 2018-11-22T20-49-28_711-jvmRun1 surefire125426299721456308tmp surefire_16057679065566215019tmp"/>
    <property name="http.nonProxyHosts" value="local|*.local|169.254/16|*.169.254/16"/>
    <property name="surefire.test.class.path" value="/Users/alex/IdeaProjects/IB/ws-security/target/test-classes:/Users/alex/IdeaProjects/IB/ws-security/target/classes:/Users/alex/.m2/repository/org/springframework/spring-beans/3.2.16.RELEASE/spring-beans-3.2.16.RELEASE.jar:/Users/alex/.m2/repository/org/springframework/spring-core/3.2.16.RELEASE/spring-core-3.2.16.RELEASE.jar:/Users/alex/.m2/repository/commons-logging/commons-logging/1.1.3/commons-logging-1.1.3.jar:/Users/alex/.m2/repository/org/springframework/spring-context/3.2.16.RELEASE/spring-context-3.2.16.RELEASE.jar:/Users/alex/.m2/repository/org/springframework/spring-aop/3.2.16.RELEASE/spring-aop-3.2.16.RELEASE.jar:/Users/alex/.m2/repository/aopalliance/aopalliance/1.0/aopalliance-1.0.jar:/Users/alex/.m2/repository/org/springframework/spring-expression/3.2.16.RELEASE/spring-expression-3.2.16.RELEASE.jar:/Users/alex/.m2/repository/org/springframework/osgi/spring-osgi-core/1.2.1/spring-osgi-core-1.2.1.jar:/Users/alex/.m2/repository/org/springframework/osgi/spring-osgi-io/1.2.1/spring-osgi-io-1.2.1.jar:/Users/alex/.m2/repository/org/springframework/org.springframework.aop/2.5.6.SEC01/org.springframework.aop-2.5.6.SEC01.jar:/Users/alex/.m2/repository/org/aopalliance/com.springsource.org.aopalliance/1.0.0/com.springsource.org.aopalliance-1.0.0.jar:/Users/alex/.m2/repository/org/springframework/org.springframework.beans/2.5.6.SEC01/org.springframework.beans-2.5.6.SEC01.jar:/Users/alex/.m2/repository/org/springframework/org.springframework.context/2.5.6.SEC01/org.springframework.context-2.5.6.SEC01.jar:/Users/alex/.m2/repository/org/springframework/org.springframework.core/2.5.6.SEC01/org.springframework.core-2.5.6.SEC01.jar:/Users/alex/.m2/repository/org/springframework/spring-jdbc/3.2.16.RELEASE/spring-jdbc-3.2.16.RELEASE.jar:/Users/alex/.m2/repository/org/springframework/spring-tx/3.2.16.RELEASE/spring-tx-3.2.16.RELEASE.jar:/Users/alex/.m2/repository/org/apache/cxf/cxf-rt-ws-security/3.1.5/cxf-rt-ws-security-3.1.5.jar:/Users/alex/.m2/repository/org/apache/cxf/cxf-core/3.1.5/cxf-core-3.1.5.jar:/Users/alex/.m2/repository/org/codehaus/woodstox/woodstox-core-asl/4.4.1/woodstox-core-asl-4.4.1.jar:/Users/alex/.m2/repository/org/codehaus/woodstox/stax2-api/3.1.4/stax2-api-3.1.4.jar:/Users/alex/.m2/repository/org/apache/ws/xmlschema/xmlschema-core/2.2.1/xmlschema-core-2.2.1.jar:/Users/alex/.m2/repository/org/apache/cxf/cxf-rt-bindings-soap/3.1.5/cxf-rt-bindings-soap-3.1.5.jar:/Users/alex/.m2/repository/org/apache/cxf/cxf-rt-wsdl/3.1.5/cxf-rt-wsdl-3.1.5.jar:/Users/alex/.m2/repository/wsdl4j/wsdl4j/1.6.3/wsdl4j-1.6.3.jar:/Users/alex/.m2/repository/org/ow2/asm/asm/5.0.4/asm-5.0.4.jar:/Users/alex/.m2/repository/org/apache/cxf/cxf-rt-databinding-jaxb/3.1.5/cxf-rt-databinding-jaxb-3.1.5.jar:/Users/alex/.m2/repository/com/sun/xml/bind/jaxb-impl/2.2.11/jaxb-impl-2.2.11.jar:/Users/alex/.m2/repository/com/sun/xml/bind/jaxb-core/2.2.11/jaxb-core-2.2.11.jar:/Users/alex/.m2/repository/org/apache/cxf/cxf-rt-security-saml/3.1.5/cxf-rt-security-saml-3.1.5.jar:/Users/alex/.m2/repository/org/apache/cxf/cxf-rt-security/3.1.5/cxf-rt-security-3.1.5.jar:/Users/alex/.m2/repository/org/apache/wss4j/wss4j-ws-security-common/2.1.4/wss4j-ws-security-common-2.1.4.jar:/Users/alex/.m2/repository/org/apache/santuario/xmlsec/2.0.5/xmlsec-2.0.5.jar:/Users/alex/.m2/repository/commons-codec/commons-codec/1.10/commons-codec-1.10.jar:/Users/alex/.m2/repository/org/opensaml/opensaml-saml-impl/3.1.1/opensaml-saml-impl-3.1.1.jar:/Users/alex/.m2/repository/org/opensaml/opensaml-profile-api/3.1.1/opensaml-profile-api-3.1.1.jar:/Users/alex/.m2/repository/org/opensaml/opensaml-core/3.1.1/opensaml-core-3.1.1.jar:/Users/alex/.m2/repository/org/opensaml/opensaml-saml-api/3.1.1/opensaml-saml-api-3.1.1.jar:/Users/alex/.m2/repository/org/opensaml/opensaml-xmlsec-api/3.1.1/opensaml-xmlsec-api-3.1.1.jar:/Users/alex/.m2/repository/org/opensaml/opensaml-soap-api/3.1.1/opensaml-soap-api-3.1.1.jar:/Users/alex/.m2/repository/org/opensaml/opensaml-security-impl/3.1.1/opensaml-security-impl-3.1.1.jar:/Users/alex/.m2/repository/org/opensaml/opensaml-security-api/3.1.1/opensaml-security-api-3.1.1.jar:/Users/alex/.m2/repository/org/cryptacular/cryptacular/1.0/cryptacular-1.0.jar:/Users/alex/.m2/repository/org/bouncycastle/bcprov-jdk15on/1.51/bcprov-jdk15on-1.51.jar:/Users/alex/.m2/repository/org/opensaml/opensaml-xmlsec-impl/3.1.1/opensaml-xmlsec-impl-3.1.1.jar:/Users/alex/.m2/repository/net/shibboleth/utilities/java-support/7.1.1/java-support-7.1.1.jar:/Users/alex/.m2/repository/com/google/guava/guava/18.0/guava-18.0.jar:/Users/alex/.m2/repository/joda-time/joda-time/2.7/joda-time-2.7.jar:/Users/alex/.m2/repository/org/opensaml/opensaml-xacml-impl/3.1.1/opensaml-xacml-impl-3.1.1.jar:/Users/alex/.m2/repository/org/opensaml/opensaml-xacml-api/3.1.1/opensaml-xacml-api-3.1.1.jar:/Users/alex/.m2/repository/org/opensaml/opensaml-xacml-saml-impl/3.1.1/opensaml-xacml-saml-impl-3.1.1.jar:/Users/alex/.m2/repository/org/opensaml/opensaml-xacml-saml-api/3.1.1/opensaml-xacml-saml-api-3.1.1.jar:/Users/alex/.m2/repository/org/jasypt/jasypt/1.9.2/jasypt-1.9.2.jar:/Users/alex/.m2/repository/org/apache/geronimo/specs/geronimo-javamail_1.4_spec/1.7.1/geronimo-javamail_1.4_spec-1.7.1.jar:/Users/alex/.m2/repository/net/sf/ehcache/ehcache/2.9.0/ehcache-2.9.0.jar:/Users/alex/.m2/repository/org/slf4j/slf4j-api/1.7.7/slf4j-api-1.7.7.jar:/Users/alex/.m2/repository/org/apache/wss4j/wss4j-ws-security-dom/2.1.4/wss4j-ws-security-dom-2.1.4.jar:/Users/alex/.m2/repository/org/apache/wss4j/wss4j-policy/2.1.4/wss4j-policy-2.1.4.jar:/Users/alex/.m2/repository/org/apache/neethi/neethi/3.0.3/neethi-3.0.3.jar:/Users/alex/.m2/repository/org/apache/wss4j/wss4j-ws-security-stax/2.1.4/wss4j-ws-security-stax-2.1.4.jar:/Users/alex/.m2/repository/org/apache/wss4j/wss4j-bindings/2.1.4/wss4j-bindings-2.1.4.jar:/Users/alex/.m2/repository/org/apache/wss4j/wss4j-ws-security-policy-stax/2.1.4/wss4j-ws-security-policy-stax-2.1.4.jar:/Users/alex/.m2/repository/org/mybatis/mybatis/3.4.5/mybatis-3.4.5.jar:/Users/alex/.m2/repository/org/mybatis/mybatis-spring/1.3.2/mybatis-spring-1.3.2.jar:/Users/alex/.m2/repository/org/postgresql/postgresql/42.2.2.jre7/postgresql-42.2.2.jre7.jar:/Users/alex/.m2/repository/junit/junit/4.12/junit-4.12.jar:/Users/alex/.m2/repository/org/hamcrest/hamcrest-core/1.3/hamcrest-core-1.3.jar:"/>
    <property name="sun.cpu.endian" value="little"/>
    <property name="user.home" value="/Users/alex"/>
    <property name="user.language" value="ru"/>
    <property name="java.specification.vendor" value="Oracle Corporation"/>
    <property name="java.home" value="/Library/Java/JavaVirtualMachines/jdk1.8.0_161.jdk/Contents/Home/jre"/>
    <property name="basedir" value="/Users/alex/IdeaProjects/IB/ws-security"/>
    <property name="file.separator" value="/"/>
    <property name="line.separator" value="&#10;"/>
    <property name="java.vm.specification.vendor" value="Oracle Corporation"/>
    <property name="java.specification.name" value="Java Platform API Specification"/>
    <property name="java.awt.graphicsenv" value="sun.awt.CGraphicsEnvironment"/>
    <property name="surefire.real.class.path" value="/Users/alex/IdeaProjects/IB/ws-security/target/surefire/surefirebooter315054711055201567.jar"/>
    <property name="sun.boot.class.path" value="/Library/Java/JavaVirtualMachines/jdk1.8.0_161.jdk/Contents/Home/jre/lib/resources.jar:/Library/Java/JavaVirtualMachines/jdk1.8.0_161.jdk/Contents/Home/jre/lib/rt.jar:/Library/Java/JavaVirtualMachines/jdk1.8.0_161.jdk/Contents/Home/jre/lib/sunrsasign.jar:/Library/Java/JavaVirtualMachines/jdk1.8.0_161.jdk/Contents/Home/jre/lib/jsse.jar:/Library/Java/JavaVirtualMachines/jdk1.8.0_161.jdk/Contents/Home/jre/lib/jce.jar:/Library/Java/JavaVirtualMachines/jdk1.8.0_161.jdk/Contents/Home/jre/lib/charsets.jar:/Library/Java/JavaVirtualMachines/jdk1.8.0_161.jdk/Contents/Home/jre/lib/jfr.jar:/Library/Java/JavaVirtualMachines/jdk1.8.0_161.jdk/Contents/Home/jre/classes"/>
    <property name="sun.management.compiler" value="HotSpot 64-Bit Tiered Compilers"/>
    <property name="ftp.nonProxyHosts" value="local|*.local|169.254/16|*.169.254/16"/>
    <property name="java.runtime.version" value="1.8.0_161-b12"/>
    <property name="user.name" value="alex"/>
    <property name="path.separator" value=":"/>
    <property name="os.version" value="10.14.1"/>
    <property name="java.endorsed.dirs" value="/Library/Java/JavaVirtualMachines/jdk1.8.0_161.jdk/Contents/Home/jre/lib/endorsed"/>
    <property name="java.runtime.name" value="Java(TM) SE Runtime Environment"/>
    <property name="file.encoding" value="UTF-8"/>
    <property name="java.vm.name" value="Java HotSpot(TM) 64-Bit Server VM"/>
    <property name="localRepository" value="/Users/alex/.m2/repository"/>
    <property name="java.vendor.url.bug" value="http://bugreport.sun.com/bugreport/"/>
    <property name="java.io.tmpdir" value="/var/folders/qx/qlcbrs0d6y3_1nz3yf0l6vg80000gn/T/"/>
    <property name="idea.version" value="2018.3"/>
    <property name="java.version" value="1.8.0_161"/>
    <property name="user.dir" value="/Users/alex/IdeaProjects/IB/ws-security"/>
    <property name="os.arch" value="x86_64"/>
    <property name="java.vm.specification.name" value="Java Virtual Machine Specification"/>
    <property name="java.awt.printerjob" value="sun.lwawt.macosx.CPrinterJob"/>
    <property name="sun.os.patch.level" value="unknown"/>
    <property name="java.library.path" value="/Users/alex/Library/Java/Extensions:/Library/Java/Extensions:/Network/Library/Java/Extensions:/System/Library/Java/Extensions:/usr/lib/java:."/>
    <property name="java.vm.info" value="mixed mode"/>
    <property name="java.vendor" value="Oracle Corporation"/>
    <property name="java.vm.version" value="25.161-b12"/>
    <property name="java.ext.dirs" value="/Users/alex/Library/Java/Extensions:/Library/Java/JavaVirtualMachines/jdk1.8.0_161.jdk/Contents/Home/jre/lib/ext:/Library/Java/Extensions:/Network/Library/Java/Extensions:/System/Library/Java/Extensions:/usr/lib/java"/>
    <property name="sun.io.unicode.encoding" value="UnicodeBig"/>
    <property name="java.class.version" value="52.0"/>
    <property name="socksNonProxyHosts" value="local|*.local|169.254/16|*.169.254/16"/>
  </properties>
  <testcase name="handle" classname="ru.ibank.ws.security.ServerPasswordCallbackTest" time="2.284"/>
</testsuite>